<?xml version="1.0" encoding="UTF-8"?>
<!-- Generated by org.testng.reporters.JUnitReportReporter -->
<testsuite skipped="0" hostname="MSalman" name="NewTest.Talent" tests="1" failures="0" timestamp="03 Sep 2018 11:24:57 GMT" time="55.611" errors="0">
  <testcase name="Test" time="55.611" classname="NewTest.Talent"/>
</testsuite> <!-- NewTest.Talent -->
